{"level": "error", "msg": "trololo", "asctime": "2023-11-24 14:13:14.316"}
{"level": "error", "msg": "trololo", "asctime": "2023-11-24 14:13:17.127"}
{"level": "error", "msg": "trololo", "asctime": "2023-11-24 14:13:20.236"}
{"level": "error", "msg": "trololo", "asctime": "2023-11-24 14:33:27.414"}
{"level": "error", "msg": "trololo", "asctime": "2023-11-24 14:33:28.238"}
{"level": "error", "msg": "trololo", "asctime": "2023-11-24 14:33:28.935"}
{"level": "error", "msg": "trololo", "asctime": "2023-11-24 14:33:29.629"}
{"level": "error", "msg": "trololo", "asctime": "2023-11-24 14:48:29.760"}
{"level": "error", "msg": "trololo", "asctime": "2023-11-24 14:48:31.198"}
{"level": "error", "msg": "trololo", "asctime": "2023-11-24 14:48:32.088"}
{"level": "error", "msg": "trololo", "asctime": "2023-11-24 14:48:32.750"}
{"level": "error", "msg": "trololo", "asctime": "2023-11-24 14:48:33.518"}
{"level": "info", "msg": "hello", "asctime": "2023-11-24 16:27:26.207"}
{"level": "info", "msg": "hello", "asctime": "2023-11-24 16:27:28.012"}
{"level": "info", "msg": "hello", "asctime": "2023-11-24 16:27:29.795"}
{"level": "info", "msg": "hello", "asctime": "2023-11-24 16:27:31.028"}
{"level": "info", "msg": "hello", "asctime": "2023-11-24 16:30:42.074"}
{"level": "info", "msg": "hello", "asctime": "2023-11-24 16:30:43.009"}
{"level": "info", "msg": "werywer", "asctime": "2023-11-24 16:30:52.066"}
{"level": "info", "msg": "56246", "asctime": "2023-11-24 16:37:03.364"}
{"level": "info", "msg": "privet", "asctime": "2023-11-24 16:37:08.549"}
{"level": "info", "msg": "ololo", "asctime": "2023-11-24 16:37:20.186"}
{"level": "error", "msg": "ololo", "asctime": "2023-11-24 16:43:54.911"}
{"level": "error", "msg": "ololo", "asctime": "2023-11-24 16:43:55.983"}
{"level": "error", "msg": "ololo", "asctime": "2023-11-24 16:43:56.823"}
{"level": "error", "msg": "ololo", "asctime": "2023-11-24 16:43:57.775"}
{"level": "error", "msg": "ololo", "asctime": "2023-11-24 16:43:58.591"}
{"level": "error", "msg": "ololo", "asctime": "2023-11-24 16:43:59.406"}
{"level": "debug", "msg": "hello", "asctime": "2023-11-24 16:45:52.225"}
{"level": "debug", "msg": "hello", "asctime": "2023-11-24 16:45:53.343"}
{"level": "debug", "msg": "hello", "asctime": "2023-11-24 16:45:54.176"}
{"level": "debug", "msg": "hello", "asctime": "2023-11-24 16:45:54.952"}
{"level": "debug", "msg": "hello", "asctime": "2023-11-24 16:45:55.634"}
{"level": "debug", "msg": "hello", "asctime": "2023-11-24 16:45:57.825"}
{"level": "error", "msg": "ololo", "asctime": "2023-11-24 16:53:11.516"}
{"level": "error", "msg": "ololo", "asctime": "2023-11-24 16:53:12.733"}
{"level": "error", "msg": "ololo", "asctime": "2023-11-24 16:53:13.389"}
{"level": "error", "msg": "ololo", "asctime": "2023-11-24 16:53:13.958"}
{"level": "error", "msg": "ololo", "asctime": "2023-11-24 16:53:14.495"}
{"level": "error", "msg": "ololo", "asctime": "2023-11-24 16:53:15.061"}
{"level": "error", "msg": "ololo", "asctime": "2023-11-24 16:53:15.639"}
{"level": "error", "msg": "ololo", "asctime": "2023-11-24 16:53:16.206"}
{"level": "error", "msg": "ololo", "asctime": "2023-11-24 16:53:16.886"}
{"level": "error", "msg": "ololo", "asctime": "2023-11-24 16:53:17.516"}
{"level": "error", "msg": "ololo", "asctime": "2023-11-24 16:53:18.155"}
{"level": "error", "msg": "ololo", "asctime": "2023-11-24 16:53:18.830"}
{"level": "error", "msg": "ololo", "asctime": "2023-11-24 16:53:19.508"}
{"level": "error", "msg": "ololo", "asctime": "2023-11-24 16:53:20.277"}
{"level": "error", "msg": "ololo", "asctime": "2023-11-24 16:53:21.941"}
{"level": "error", "msg": "ololo", "asctime": "2023-11-24 16:53:56.697"}
{"level": "error", "msg": "ololo", "asctime": "2023-11-24 16:53:57.270"}
{"level": "error", "msg": "ololo", "asctime": "2023-11-24 16:53:58.150"}
{"level": "error", "msg": "ololo", "asctime": "2023-11-24 16:53:58.610"}
{"level": "error", "msg": "ololo", "asctime": "2023-11-24 16:53:58.935"}
{"level": "error", "msg": "ololo", "asctime": "2023-11-24 16:53:59.277"}
{"level": "error", "msg": "ololo", "asctime": "2023-11-24 16:53:59.557"}
{"level": "error", "msg": "ololo", "asctime": "2023-11-24 16:53:59.807"}
{"level": "error", "msg": "ololo", "asctime": "2023-11-24 16:54:00.031"}
{"level": "error", "msg": "ololo", "asctime": "2023-11-24 16:54:00.272"}
{"level": "error", "msg": "ololo", "asctime": "2023-11-24 16:54:00.519"}
{"level": "error", "msg": "ololo", "asctime": "2023-11-24 16:54:00.733"}
{"level": "error", "msg": "ololo", "asctime": "2023-11-24 16:54:00.997"}
{"level": "error", "msg": "ololo", "asctime": "2023-11-24 16:54:01.221"}
{"level": "error", "msg": "ololo", "asctime": "2023-11-24 16:54:01.486"}
{"level": "error", "msg": "ololo", "asctime": "2023-11-24 16:54:01.734"}
{"level": "error", "msg": "ololo", "asctime": "2023-11-24 16:54:01.984"}
{"level": "error", "msg": "ololo", "asctime": "2023-11-24 16:54:02.205"}
{"level": "error", "msg": "ololo", "asctime": "2023-11-24 16:54:02.423"}
{"level": "error", "msg": "ololo", "asctime": "2023-11-24 16:54:02.639"}
{"level": "error", "msg": "ololo", "asctime": "2023-11-24 16:54:02.839"}
{"level": "error", "msg": "ololo", "asctime": "2023-11-24 16:54:03.039"}
{"level": "error", "msg": "ololo", "asctime": "2023-11-24 16:54:03.231"}
{"level": "error", "msg": "ololo", "asctime": "2023-11-24 16:54:03.389"}
